$ next build
info  - Linting and checking validity of types...
info  - Creating an optimized production build...
info  - Compiled successfully
info  - Collecting page data...
info  - Generating static pages (0/7)
info  - Generating static pages (1/7)
info  - Generating static pages (3/7)
info  - Generating static pages (5/7)
info  - Generating static pages (7/7)
info  - Finalizing page optimization...

Route (pages)                              Size     First Load JS
┌ ○ /                                      6.99 kB        99.4 kB
├   /_app                                  0 B            77.8 kB
├ ○ /404                                   182 B            78 kB
├ λ /api/hello                             0 B            77.8 kB
├ ○ /login                                 639 B          93.1 kB
├ ○ /login/Login                           603 B            93 kB
├ ○ /record                                2.65 kB        95.1 kB
└ ○ /record/Record                         2.61 kB          95 kB
+ First Load JS shared by all              77.8 kB
  ├ chunks/framework-7751730b10fa0f74.js   45.5 kB
  ├ chunks/main-f1ab195c5ca36ba7.js        30.8 kB
  ├ chunks/pages/_app-b79559a200ce4eaa.js  497 B
  ├ chunks/webpack-0b5d8249fb15f5f3.js     939 B
  └ css/ef46db3751d8e999.css               20 B

λ  (Server)  server-side renders at runtime (uses getInitialProps or getServerSideProps)
○  (Static)  automatically rendered as static HTML (uses no initial props)

